Flow report for High_radix_online_arithmetic
Mon Dec 04 15:44:49 2017
Quartus II 64-Bit Version 13.1.0 Build 162 10/23/2013 SJ Web Edition


---------------------
; Table of Contents ;
---------------------
  1. Legal Notice
  2. Flow Summary
  3. Flow Settings
  4. Flow Non-Default Global Settings
  5. Flow Elapsed Time
  6. Flow OS Summary
  7. Flow Log
  8. Flow Messages
  9. Flow Suppressed Messages



----------------
; Legal Notice ;
----------------
Copyright (C) 1991-2013 Altera Corporation
Your use of Altera Corporation's design tools, logic functions 
and other software and tools, and its AMPP partner logic 
functions, and any output files from any of the foregoing 
(including device programming or simulation files), and any 
associated documentation or information are expressly subject 
to the terms and conditions of the Altera Program License 
Subscription Agreement, Altera MegaCore Function License 
Agreement, or other applicable license agreement, including, 
without limitation, that your use is for the sole purpose of 
programming logic devices manufactured by Altera and sold by 
Altera or its authorized distributors.  Please refer to the 
applicable agreement for further details.



+---------------------------------------------------------------------------------+
; Flow Summary                                                                    ;
+------------------------------------+--------------------------------------------+
; Flow Status                        ; Successful - Mon Dec 04 15:44:49 2017      ;
; Quartus II 64-Bit Version          ; 13.1.0 Build 162 10/23/2013 SJ Web Edition ;
; Revision Name                      ; High_radix_online_arithmetic               ;
; Top-level Entity Name              ; radix4adder_sv                             ;
; Family                             ; Cyclone III                                ;
; Total logic elements               ; 155 / 5,136 ( 3 % )                        ;
;     Total combinational functions  ; 155 / 5,136 ( 3 % )                        ;
;     Dedicated logic registers      ; 0 / 5,136 ( 0 % )                          ;
; Total registers                    ; 0                                          ;
; Total pins                         ; 75 / 183 ( 41 % )                          ;
; Total virtual pins                 ; 0                                          ;
; Total memory bits                  ; 0 / 423,936 ( 0 % )                        ;
; Embedded Multiplier 9-bit elements ; 0 / 46 ( 0 % )                             ;
; Total PLLs                         ; 0 / 2 ( 0 % )                              ;
; Device                             ; EP3C5F256C6                                ;
; Timing Models                      ; Final                                      ;
+------------------------------------+--------------------------------------------+


+--------------------------------------------------+
; Flow Settings                                    ;
+-------------------+------------------------------+
; Option            ; Setting                      ;
+-------------------+------------------------------+
; Start date & time ; 12/04/2017 15:44:33          ;
; Main task         ; Compilation                  ;
; Revision Name     ; High_radix_online_arithmetic ;
+-------------------+------------------------------+


+----------------------------------------------------------------------------------------------------------------------------------------+
; Flow Non-Default Global Settings                                                                                                       ;
+-------------------------------------+---------------------------------+------------------------------+----------------+----------------+
; Assignment Name                     ; Value                           ; Default Value                ; Entity Name    ; Section Id     ;
+-------------------------------------+---------------------------------+------------------------------+----------------+----------------+
; COMPILER_SIGNATURE_ID               ; 272897472543742.151240227305068 ; --                           ; --             ; --             ;
; EDA_OUTPUT_DATA_FORMAT              ; Verilog Hdl                     ; --                           ; --             ; eda_simulation ;
; EDA_SIMULATION_TOOL                 ; ModelSim-Altera (Verilog)       ; <None>                       ; --             ; --             ;
; PARTITION_COLOR                     ; 16764057                        ; --                           ; radix4adder_sv ; Top            ;
; PARTITION_FITTER_PRESERVATION_LEVEL ; PLACEMENT_AND_ROUTING           ; --                           ; radix4adder_sv ; Top            ;
; PARTITION_NETLIST_TYPE              ; SOURCE                          ; --                           ; radix4adder_sv ; Top            ;
; PROJECT_OUTPUT_DIRECTORY            ; output_files                    ; --                           ; --             ; --             ;
; TOP_LEVEL_ENTITY                    ; radix4adder_sv                  ; High_radix_online_arithmetic ; --             ; --             ;
+-------------------------------------+---------------------------------+------------------------------+----------------+----------------+


+-------------------------------------------------------------------------------------------------------------------------------+
; Flow Elapsed Time                                                                                                             ;
+---------------------------+--------------+-------------------------+---------------------+------------------------------------+
; Module Name               ; Elapsed Time ; Average Processors Used ; Peak Virtual Memory ; Total CPU Time (on all processors) ;
+---------------------------+--------------+-------------------------+---------------------+------------------------------------+
; Analysis & Synthesis      ; 00:00:01     ; 1.0                     ; 568 MB              ; 00:00:02                           ;
; Fitter                    ; 00:00:05     ; 1.0                     ; 1303 MB             ; 00:00:05                           ;
; Assembler                 ; 00:00:01     ; 1.0                     ; 528 MB              ; 00:00:01                           ;
; TimeQuest Timing Analyzer ; 00:00:02     ; 1.0                     ; 599 MB              ; 00:00:02                           ;
; EDA Netlist Writer        ; 00:00:01     ; 1.0                     ; 470 MB              ; 00:00:01                           ;
; Total                     ; 00:00:10     ; --                      ; --                  ; 00:00:11                           ;
+---------------------------+--------------+-------------------------+---------------------+------------------------------------+


+----------------------------------------------------------------------------------------+
; Flow OS Summary                                                                        ;
+---------------------------+------------------+-----------+------------+----------------+
; Module Name               ; Machine Hostname ; OS Name   ; OS Version ; Processor type ;
+---------------------------+------------------+-----------+------------+----------------+
; Analysis & Synthesis      ; DESKTOP-N5H7G5P  ; Windows 7 ; 6.2        ; x86_64         ;
; Fitter                    ; DESKTOP-N5H7G5P  ; Windows 7 ; 6.2        ; x86_64         ;
; Assembler                 ; DESKTOP-N5H7G5P  ; Windows 7 ; 6.2        ; x86_64         ;
; TimeQuest Timing Analyzer ; DESKTOP-N5H7G5P  ; Windows 7 ; 6.2        ; x86_64         ;
; EDA Netlist Writer        ; DESKTOP-N5H7G5P  ; Windows 7 ; 6.2        ; x86_64         ;
+---------------------------+------------------+-----------+------------+----------------+


------------
; Flow Log ;
------------
quartus_map --read_settings_files=on --write_settings_files=off High_radix_online_arithmetic -c High_radix_online_arithmetic
quartus_fit --read_settings_files=off --write_settings_files=off High_radix_online_arithmetic -c High_radix_online_arithmetic
quartus_asm --read_settings_files=off --write_settings_files=off High_radix_online_arithmetic -c High_radix_online_arithmetic
quartus_sta High_radix_online_arithmetic -c High_radix_online_arithmetic
quartus_eda --read_settings_files=off --write_settings_files=off High_radix_online_arithmetic -c High_radix_online_arithmetic



