Flow report for High_radix_online_arithmetic
Wed May 30 14:17:39 2018
Quartus Prime Version 16.1.0 Build 196 10/24/2016 SJ Lite Edition


---------------------
; Table of Contents ;
---------------------
  1. Legal Notice
  2. Flow Summary
  3. Flow Settings
  4. Flow Non-Default Global Settings
  5. Flow Elapsed Time
  6. Flow OS Summary
  7. Flow Log
  8. Flow Messages
  9. Flow Suppressed Messages



----------------
; Legal Notice ;
----------------
Copyright (C) 2016  Intel Corporation. All rights reserved.
Your use of Intel Corporation's design tools, logic functions 
and other software and tools, and its AMPP partner logic 
functions, and any output files from any of the foregoing 
(including device programming or simulation files), and any 
associated documentation or information are expressly subject 
to the terms and conditions of the Intel Program License 
Subscription Agreement, the Intel Quartus Prime License Agreement,
the Intel MegaCore Function License Agreement, or other 
applicable license agreement, including, without limitation, 
that your use is for the sole purpose of programming logic 
devices manufactured by Intel and sold by Intel or its 
authorized distributors.  Please refer to the applicable 
agreement for further details.



+-------------------------------------------------------------------------------+
; Flow Summary                                                                  ;
+---------------------------------+---------------------------------------------+
; Flow Status                     ; Successful - Wed May 30 14:17:39 2018       ;
; Quartus Prime Version           ; 16.1.0 Build 196 10/24/2016 SJ Lite Edition ;
; Revision Name                   ; High_radix_online_arithmetic                ;
; Top-level Entity Name           ; top_module                                  ;
; Family                          ; Cyclone V                                   ;
; Device                          ; 5CSXFC6D6F31C6                              ;
; Timing Models                   ; Final                                       ;
; Logic utilization (in ALMs)     ; 287 / 41,910 ( < 1 % )                      ;
; Total registers                 ; 699                                         ;
; Total pins                      ; 6 / 499 ( 1 % )                             ;
; Total virtual pins              ; 0                                           ;
; Total block memory bits         ; 168,960 / 5,662,720 ( 3 % )                 ;
; Total DSP Blocks                ; 0 / 112 ( 0 % )                             ;
; Total HSSI RX PCSs              ; 0 / 9 ( 0 % )                               ;
; Total HSSI PMA RX Deserializers ; 0 / 9 ( 0 % )                               ;
; Total HSSI TX PCSs              ; 0 / 9 ( 0 % )                               ;
; Total HSSI PMA TX Serializers   ; 0 / 9 ( 0 % )                               ;
; Total PLLs                      ; 1 / 15 ( 7 % )                              ;
; Total DLLs                      ; 0 / 4 ( 0 % )                               ;
+---------------------------------+---------------------------------------------+


+--------------------------------------------------+
; Flow Settings                                    ;
+-------------------+------------------------------+
; Option            ; Setting                      ;
+-------------------+------------------------------+
; Start date & time ; 05/30/2018 14:14:37          ;
; Main task         ; Compilation                  ;
; Revision Name     ; High_radix_online_arithmetic ;
+-------------------+------------------------------+


+--------------------------------------------------------------------------------------------------------------------------------------------+
; Flow Non-Default Global Settings                                                                                                           ;
+-------------------------------------+----------------------------------------+------------------------------+-------------+----------------+
; Assignment Name                     ; Value                                  ; Default Value                ; Entity Name ; Section Id     ;
+-------------------------------------+----------------------------------------+------------------------------+-------------+----------------+
; COMPILER_SIGNATURE_ID               ; 746522462894.152768607612272           ; --                           ; --          ; --             ;
; EDA_GENERATE_FUNCTIONAL_NETLIST     ; Off                                    ; --                           ; --          ; eda_simulation ;
; EDA_OUTPUT_DATA_FORMAT              ; Verilog Hdl                            ; --                           ; --          ; eda_simulation ;
; EDA_SIMULATION_TOOL                 ; ModelSim-Altera (Verilog)              ; <None>                       ; --          ; --             ;
; EDA_TIME_SCALE                      ; 1 ps                                   ; --                           ; --          ; eda_simulation ;
; ENABLE_SIGNALTAP                    ; Off                                    ; --                           ; --          ; --             ;
; MAX_CORE_JUNCTION_TEMP              ; 85                                     ; --                           ; --          ; --             ;
; MIN_CORE_JUNCTION_TEMP              ; 0                                      ; --                           ; --          ; --             ;
; MISC_FILE                           ; src/traditional_adder_bb.v             ; --                           ; --          ; --             ;
; MISC_FILE                           ; src/onChipRam_bb.v                     ; --                           ; --          ; --             ;
; MISC_FILE                           ; src/pll2.cmp                           ; --                           ; --          ; --             ;
; MISC_FILE                           ; src/pll2_sim/pll2.vo                   ; --                           ; --          ; --             ;
; MISC_FILE                           ; src/pll3.cmp                           ; --                           ; --          ; --             ;
; MISC_FILE                           ; src/pll3_sim/pll3.vo                   ; --                           ; --          ; --             ;
; MISC_FILE                           ; src/pll_250_50MHz.cmp                  ; --                           ; --          ; --             ;
; MISC_FILE                           ; src/pll_250_50MHz_sim/pll_250_50MHz.vo ; --                           ; --          ; --             ;
; PARTITION_COLOR                     ; -- (Not supported for targeted family) ; --                           ; top_module  ; Top            ;
; PARTITION_FITTER_PRESERVATION_LEVEL ; -- (Not supported for targeted family) ; --                           ; top_module  ; Top            ;
; PARTITION_NETLIST_TYPE              ; -- (Not supported for targeted family) ; --                           ; top_module  ; Top            ;
; POWER_BOARD_THERMAL_MODEL           ; None (CONSERVATIVE)                    ; --                           ; --          ; --             ;
; POWER_PRESET_COOLING_SOLUTION       ; 23 MM HEAT SINK WITH 200 LFPM AIRFLOW  ; --                           ; --          ; --             ;
; PROJECT_OUTPUT_DIRECTORY            ; output_files                           ; --                           ; --          ; --             ;
; SPD_FILE                            ; src/pll2.spd                           ; --                           ; --          ; --             ;
; SPD_FILE                            ; src/pll3.spd                           ; --                           ; --          ; --             ;
; SPD_FILE                            ; src/pll_250_50MHz.spd                  ; --                           ; --          ; --             ;
; SYNTHESIS_ONLY_QIP                  ; On                                     ; --                           ; --          ; --             ;
; SYNTHESIS_ONLY_QIP                  ; On                                     ; --                           ; --          ; --             ;
; SYNTHESIS_ONLY_QIP                  ; On                                     ; --                           ; --          ; --             ;
; TOP_LEVEL_ENTITY                    ; top_module                             ; High_radix_online_arithmetic ; --          ; --             ;
; USE_SIGNALTAP_FILE                  ; src/stp1.stp                           ; --                           ; --          ; --             ;
+-------------------------------------+----------------------------------------+------------------------------+-------------+----------------+


+-------------------------------------------------------------------------------------------------------------------------------+
; Flow Elapsed Time                                                                                                             ;
+---------------------------+--------------+-------------------------+---------------------+------------------------------------+
; Module Name               ; Elapsed Time ; Average Processors Used ; Peak Virtual Memory ; Total CPU Time (on all processors) ;
+---------------------------+--------------+-------------------------+---------------------+------------------------------------+
; Analysis & Synthesis      ; 00:01:04     ; 1.0                     ; 4968 MB             ; 00:01:09                           ;
; Fitter                    ; 00:01:13     ; 1.1                     ; 6795 MB             ; 00:01:56                           ;
; Assembler                 ; 00:00:17     ; 1.0                     ; 4862 MB             ; 00:00:10                           ;
; TimeQuest Timing Analyzer ; 00:00:11     ; 1.3                     ; 5233 MB             ; 00:00:12                           ;
; EDA Netlist Writer        ; 00:00:04     ; 1.0                     ; 4878 MB             ; 00:00:03                           ;
; Total                     ; 00:02:49     ; --                      ; --                  ; 00:03:30                           ;
+---------------------------+--------------+-------------------------+---------------------+------------------------------------+


+-----------------------------------------------------------------------------------------+
; Flow OS Summary                                                                         ;
+---------------------------+------------------+------------+------------+----------------+
; Module Name               ; Machine Hostname ; OS Name    ; OS Version ; Processor type ;
+---------------------------+------------------+------------+------------+----------------+
; Analysis & Synthesis      ; Jun              ; Windows 10 ; 10.0       ; x86_64         ;
; Fitter                    ; Jun              ; Windows 10 ; 10.0       ; x86_64         ;
; Assembler                 ; Jun              ; Windows 10 ; 10.0       ; x86_64         ;
; TimeQuest Timing Analyzer ; Jun              ; Windows 10 ; 10.0       ; x86_64         ;
; EDA Netlist Writer        ; Jun              ; Windows 10 ; 10.0       ; x86_64         ;
+---------------------------+------------------+------------+------------+----------------+


------------
; Flow Log ;
------------
quartus_map --read_settings_files=on --write_settings_files=off High_radix_online_arithmetic -c High_radix_online_arithmetic
quartus_fit --read_settings_files=off --write_settings_files=off High_radix_online_arithmetic -c High_radix_online_arithmetic
quartus_asm --read_settings_files=off --write_settings_files=off High_radix_online_arithmetic -c High_radix_online_arithmetic
quartus_sta High_radix_online_arithmetic -c High_radix_online_arithmetic
quartus_eda --read_settings_files=off --write_settings_files=off High_radix_online_arithmetic -c High_radix_online_arithmetic



